Base path: 'C:/Program Files/Unity/Hub/Editor/2020.3.23f1/Editor/Data', plugins path 'C:/Program Files/Unity/Hub/Editor/2020.3.23f1/Editor/Data/PlaybackEngines'
Cmd: initializeCompiler

Cmd: initializeCompiler

Cmd: compileComputeKernel
  insize=33284 file=C:/Users/cawosanya2021/Documents/GitHub/3DPixelArtTest/Library/PackageCache/com.unity.render-pipelines.high-definition@10.7.0/Runtime/RenderPipeline/Raytracing/Shaders/Shadows/RaytracingShadow.compute kernel=OutputSpecularShadowTexture cachingPP=1 ppOnly=0 stripLineD=0 buildPlatform=19 km=<OUTPUT_SHADOW_TEXTURE=OutputSpecularShadowTexture>,<SPECULAR_SHADOW=1>,<UNITY_VERSION=202039> pKW=UNITY_ENABLE_REFLECTION_BUFFERS UNITY_USE_DITHER_MASK_FOR_ALPHABLENDED_SHADOWS UNITY_PBS_USE_BRDF1 UNITY_SPECCUBE_BOX_PROJECTION UNITY_SPECCUBE_BLENDING UNITY_ENABLE_DETAIL_NORMALMAP SHADER_API_DESKTOP UNITY_LIGHT_PROBE_PROXY_VOLUME UNITY_LIGHTMAP_FULL_HDR uKW=SHADER_STAGE_COMPUTE platform=d3d11 flags=0 ok=1 outsize=1198

Cmd: compileComputeKernel
  insize=21827 file=C:/Users/cawosanya2021/Documents/GitHub/3DPixelArtTest/Library/PackageCache/com.unity.render-pipelines.high-definition@10.7.0/Runtime/RenderPipeline/Raytracing/Shaders/Shadows/RaytracingShadowFilter.compute kernel=AreaShadowEstimateNoise cachingPP=1 ppOnly=0 stripLineD=0 buildPlatform=19 km=<UNITY_VERSION=202039> pKW=UNITY_ENABLE_REFLECTION_BUFFERS UNITY_USE_DITHER_MASK_FOR_ALPHABLENDED_SHADOWS UNITY_PBS_USE_BRDF1 UNITY_SPECCUBE_BOX_PROJECTION UNITY_SPECCUBE_BLENDING UNITY_ENABLE_DETAIL_NORMALMAP SHADER_API_DESKTOP UNITY_LIGHT_PROBE_PROXY_VOLUME UNITY_LIGHTMAP_FULL_HDR uKW=SHADER_STAGE_COMPUTE platform=d3d11 flags=0 ok=1 outsize=2349

Cmd: compileComputeKernel
  insize=9515 file=C:/Users/cawosanya2021/Documents/GitHub/3DPixelArtTest/Library/PackageCache/com.unity.render-pipelines.high-definition@10.7.0/Runtime/RenderPipeline/Raytracing/Shaders/Denoising/ReflectionDenoiser.compute kernel=TemporalAccumulation cachingPP=1 ppOnly=0 stripLineD=0 buildPlatform=19 km=<UNITY_VERSION=202039> pKW=UNITY_ENABLE_REFLECTION_BUFFERS UNITY_USE_DITHER_MASK_FOR_ALPHABLENDED_SHADOWS UNITY_PBS_USE_BRDF1 UNITY_SPECCUBE_BOX_PROJECTION UNITY_SPECCUBE_BLENDING UNITY_ENABLE_DETAIL_NORMALMAP SHADER_API_DESKTOP UNITY_LIGHT_PROBE_PROXY_VOLUME UNITY_LIGHTMAP_FULL_HDR uKW=SHADER_STAGE_COMPUTE platform=d3d11 flags=0 ok=1 outsize=6494

Cmd: compileComputeKernel
  insize=6333 file=C:/Users/cawosanya2021/Documents/GitHub/3DPixelArtTest/Library/PackageCache/com.unity.render-pipelines.high-definition@10.7.0/Runtime/RenderPipeline/Raytracing/Shaders/Denoising/DiffuseShadowDenoiser.compute kernel=BilateralFilterHColorDirectional cachingPP=1 ppOnly=0 stripLineD=0 buildPlatform=19 km=<BILATERAL_FILTER=BilateralFilterHColorDirectional>,<DIRECTIONAL_LIGHT=1>,<UNITY_VERSION=202039> pKW=UNITY_ENABLE_REFLECTION_BUFFERS UNITY_USE_DITHER_MASK_FOR_ALPHABLENDED_SHADOWS UNITY_PBS_USE_BRDF1 UNITY_SPECCUBE_BOX_PROJECTION UNITY_SPECCUBE_BLENDING UNITY_ENABLE_DETAIL_NORMALMAP SHADER_API_DESKTOP UNITY_LIGHT_PROBE_PROXY_VOLUME UNITY_LIGHTMAP_FULL_HDR uKW=SHADER_STAGE_COMPUTE platform=d3d11 flags=0 ok=1 outsize=6053

Cmd: compileComputeKernel
  insize=4757 file=C:/Users/cawosanya2021/Documents/GitHub/3DPixelArtTest/Library/PackageCache/com.unity.render-pipelines.high-definition@10.7.0/Runtime/RenderPipeline/Raytracing/Shaders/SubSurface/RayTracingSubSurface.compute kernel=BlendSubSurfaceData cachingPP=1 ppOnly=0 stripLineD=0 buildPlatform=19 km=<UNITY_VERSION=202039> pKW=UNITY_ENABLE_REFLECTION_BUFFERS UNITY_USE_DITHER_MASK_FOR_ALPHABLENDED_SHADOWS UNITY_PBS_USE_BRDF1 UNITY_SPECCUBE_BOX_PROJECTION UNITY_SPECCUBE_BLENDING UNITY_ENABLE_DETAIL_NORMALMAP SHADER_API_DESKTOP UNITY_LIGHT_PROBE_PROXY_VOLUME UNITY_LIGHTMAP_FULL_HDR uKW=SHADER_STAGE_COMPUTE platform=d3d11 flags=0 ok=1 outsize=1642

Cmd: compileComputeKernel
  insize=4407 file=C:/Users/cawosanya2021/Documents/GitHub/3DPixelArtTest/Library/PackageCache/com.unity.render-pipelines.high-definition@10.7.0/Runtime/RenderPipeline/Raytracing/Shaders/CountTracedRays.compute kernel=TextureReduction cachingPP=1 ppOnly=0 stripLineD=0 buildPlatform=19 km=<UNITY_VERSION=202039> pKW=UNITY_ENABLE_REFLECTION_BUFFERS UNITY_USE_DITHER_MASK_FOR_ALPHABLENDED_SHADOWS UNITY_PBS_USE_BRDF1 UNITY_SPECCUBE_BOX_PROJECTION UNITY_SPECCUBE_BLENDING UNITY_ENABLE_DETAIL_NORMALMAP SHADER_API_DESKTOP UNITY_LIGHT_PROBE_PROXY_VOLUME UNITY_LIGHTMAP_FULL_HDR uKW=SHADER_STAGE_COMPUTE platform=d3d11 flags=0 ok=1 outsize=3203

Cmd: compileComputeKernel
  insize=14438 file=C:/Users/cawosanya2021/Documents/GitHub/3DPixelArtTest/Library/PackageCache/com.unity.render-pipelines.high-definition@10.7.0/Runtime/RenderPipeline/Raytracing/Shaders/Denoising/TemporalFilter.compute kernel=TemporalAccumulationSingle cachingPP=1 ppOnly=0 stripLineD=0 buildPlatform=19 km=<TEMPORAL_ACCUMULATION=TemporalAccumulationSingle>,<SINGLE_CHANNEL=1>,<UNITY_VERSION=202039> pKW=UNITY_ENABLE_REFLECTION_BUFFERS UNITY_USE_DITHER_MASK_FOR_ALPHABLENDED_SHADOWS UNITY_PBS_USE_BRDF1 UNITY_SPECCUBE_BOX_PROJECTION UNITY_SPECCUBE_BLENDING UNITY_ENABLE_DETAIL_NORMALMAP SHADER_API_DESKTOP UNITY_LIGHT_PROBE_PROXY_VOLUME UNITY_LIGHTMAP_FULL_HDR uKW=SHADER_STAGE_COMPUTE platform=d3d11 flags=0 ok=1 outsize=2098

Cmd: compileComputeKernel
  insize=14438 file=C:/Users/cawosanya2021/Documents/GitHub/3DPixelArtTest/Library/PackageCache/com.unity.render-pipelines.high-definition@10.7.0/Runtime/RenderPipeline/Raytracing/Shaders/Denoising/TemporalFilter.compute kernel=CopyHistoryColorArray cachingPP=1 ppOnly=0 stripLineD=0 buildPlatform=19 km=<COPY_HISTORY=CopyHistoryColorArray>,<OUTPUT_IS_ARRAY=1>,<UNITY_VERSION=202039> pKW=UNITY_ENABLE_REFLECTION_BUFFERS UNITY_USE_DITHER_MASK_FOR_ALPHABLENDED_SHADOWS UNITY_PBS_USE_BRDF1 UNITY_SPECCUBE_BOX_PROJECTION UNITY_SPECCUBE_BLENDING UNITY_ENABLE_DETAIL_NORMALMAP SHADER_API_DESKTOP UNITY_LIGHT_PROBE_PROXY_VOLUME UNITY_LIGHTMAP_FULL_HDR uKW=SHADER_STAGE_COMPUTE platform=d3d11 flags=0 ok=1 outsize=1120

Cmd: shutdown
